  Game.cpp
C:\Users\66881\Documents\CE KMITL Year 1\Programming Fundamental\Game Project\Pikashoot\Pikashoot\Enemy.h(49,14): warning C4244: 'return': conversion from 'double' to 'float', possible loss of data
C:\Users\66881\Documents\CE KMITL Year 1\Programming Fundamental\Game Project\Pikashoot\Pikashoot\Game.cpp(116,58): warning C4244: 'argument': conversion from 'float' to 'sf::Uint8', possible loss of data
C:\Users\66881\Documents\CE KMITL Year 1\Programming Fundamental\Game Project\Pikashoot\Pikashoot\Game.cpp(116,51): warning C4244: 'argument': conversion from 'float' to 'sf::Uint8', possible loss of data
C:\Users\66881\Documents\CE KMITL Year 1\Programming Fundamental\Game Project\Pikashoot\Pikashoot\Game.cpp(116,45): warning C4244: 'argument': conversion from 'float' to 'sf::Uint8', possible loss of data
C:\Users\66881\Documents\CE KMITL Year 1\Programming Fundamental\Game Project\Pikashoot\Pikashoot\Game.cpp(116,40): warning C4244: 'argument': conversion from 'float' to 'sf::Uint8', possible loss of data
C:\Users\66881\Documents\CE KMITL Year 1\Programming Fundamental\Game Project\Pikashoot\Pikashoot\Game.cpp(127,98): warning C4244: 'argument': conversion from 'T' to 'float', possible loss of data
          with
          [
              T=unsigned int
          ]
C:\Users\66881\Documents\CE KMITL Year 1\Programming Fundamental\Game Project\Pikashoot\Pikashoot\Game.cpp(138,12): warning C4018: '>=': signed/unsigned mismatch
C:\Users\66881\Documents\CE KMITL Year 1\Programming Fundamental\Game Project\Pikashoot\Pikashoot\Game.cpp(251,93): warning C4244: 'argument': conversion from 'T' to 'float', possible loss of data
          with
          [
              T=unsigned int
          ]
C:\Users\66881\Documents\CE KMITL Year 1\Programming Fundamental\Game Project\Pikashoot\Pikashoot\Game.cpp(255,21): warning C4018: '<': signed/unsigned mismatch
C:\Users\66881\Documents\CE KMITL Year 1\Programming Fundamental\Game Project\Pikashoot\Pikashoot\Bullet.h(29): warning C4172: returning address of local variable or temporary
  Pikashoot.vcxproj -> C:\Users\66881\Documents\CE KMITL Year 1\Programming Fundamental\Game Project\Pikashoot\Debug\Pikashoot.exe
